<?xml version="1.0" encoding="UTF-8"?>
<testng-results ignored="0" total="2" passed="2" failed="0" skipped="0">
  <reporter-output>
    <line>
      <![CDATA[hello]]>
    </line>
    <line>
      <![CDATA[hiii]]>
    </line>
  </reporter-output>
  <suite started-at="2023-01-09T15:58:16 IST" name="Suite" finished-at="2023-01-09T15:58:16 IST" duration-ms="77">
    <groups>
    </groups>
    <test started-at="2023-01-09T15:58:16 IST" name="Test" finished-at="2023-01-09T15:58:16 IST" duration-ms="77">
      <class name="Demo.Test2">
        <test-method signature="m2()[pri:0, instance:Demo.Test2@6bedbc4d]" started-at="2023-01-09T15:58:16 IST" name="m2" finished-at="2023-01-09T15:58:16 IST" duration-ms="1" status="PASS">
          <reporter-output>
            <line>
              <![CDATA[hiii]]>
            </line>
          </reporter-output>
        </test-method> <!-- m2 -->
      </class> <!-- Demo.Test2 -->
      <class name="Demo.Test1">
        <test-method signature="m1()[pri:0, instance:Demo.Test1@6631f5ca]" started-at="2023-01-09T15:58:16 IST" name="m1" finished-at="2023-01-09T15:58:16 IST" duration-ms="17" status="PASS">
          <reporter-output>
            <line>
              <![CDATA[hello]]>
            </line>
          </reporter-output>
        </test-method> <!-- m1 -->
      </class> <!-- Demo.Test1 -->
    </test> <!-- Test -->
  </suite> <!-- Suite -->
</testng-results>
